  [1m[35m (65.1ms)[0m  [1m[35mCREATE DATABASE "Reddit_development" ENCODING = 'unicode'[0m
  [1m[35m (55.6ms)[0m  [1m[35mCREATE DATABASE "Reddit_test" ENCODING = 'unicode'[0m
  [1m[35m (5.7ms)[0m  [1m[35mCREATE TABLE "schema_migrations" ("version" character varying NOT NULL PRIMARY KEY)[0m
  [1m[35m (3.1ms)[0m  [1m[35mCREATE TABLE "ar_internal_metadata" ("key" character varying NOT NULL PRIMARY KEY, "value" character varying, "created_at" timestamp(6) NOT NULL, "updated_at" timestamp(6) NOT NULL)[0m
  [1m[35m (0.2ms)[0m  [1m[34mSELECT pg_try_advisory_lock(8057437283407492260)[0m
  [1m[36mActiveRecord::SchemaMigration Pluck (0.4ms)[0m  [1m[34mSELECT "schema_migrations"."version" FROM "schema_migrations" ORDER BY "schema_migrations"."version" ASC[0m
Migrating to CreateUsers (20230421174747)
  [1m[35m (0.3ms)[0m  [1m[34mSELECT pg_advisory_unlock(8057437283407492260)[0m
  [1m[36mActiveRecord::SchemaMigration Pluck (0.4ms)[0m  [1m[34mSELECT "schema_migrations"."version" FROM "schema_migrations" ORDER BY "schema_migrations"."version" ASC[0m
  [1m[36mActiveRecord::SchemaMigration Pluck (0.2ms)[0m  [1m[34mSELECT "schema_migrations"."version" FROM "schema_migrations" ORDER BY "schema_migrations"."version" ASC[0m
  [1m[35m (78.7ms)[0m  [1m[35mDROP DATABASE IF EXISTS "Reddit_development"[0m
  [1m[35m (14.2ms)[0m  [1m[35mDROP DATABASE IF EXISTS "Reddit_test"[0m
  [1m[35m (46.1ms)[0m  [1m[35mCREATE DATABASE "Reddit_development" ENCODING = 'unicode'[0m
  [1m[35m (52.6ms)[0m  [1m[35mCREATE DATABASE "Reddit_test" ENCODING = 'unicode'[0m
  [1m[35m (3.4ms)[0m  [1m[35mCREATE TABLE "schema_migrations" ("version" character varying NOT NULL PRIMARY KEY)[0m
  [1m[35m (1.9ms)[0m  [1m[35mCREATE TABLE "ar_internal_metadata" ("key" character varying NOT NULL PRIMARY KEY, "value" character varying, "created_at" timestamp(6) NOT NULL, "updated_at" timestamp(6) NOT NULL)[0m
  [1m[35m (0.1ms)[0m  [1m[34mSELECT pg_try_advisory_lock(8057437283407492260)[0m
  [1m[36mActiveRecord::SchemaMigration Pluck (0.4ms)[0m  [1m[34mSELECT "schema_migrations"."version" FROM "schema_migrations" ORDER BY "schema_migrations"."version" ASC[0m
Migrating to CreateUsers (20230421174747)
  [1m[35m (0.2ms)[0m  [1m[34mSELECT pg_advisory_unlock(8057437283407492260)[0m
  [1m[35m (0.2ms)[0m  [1m[34mSELECT pg_try_advisory_lock(8057437283407492260)[0m
  [1m[36mActiveRecord::SchemaMigration Pluck (0.5ms)[0m  [1m[34mSELECT "schema_migrations"."version" FROM "schema_migrations" ORDER BY "schema_migrations"."version" ASC[0m
Migrating to CreateUsers (20230421174747)
  [1m[36mTRANSACTION (0.1ms)[0m  [1m[35mBEGIN[0m
  [1m[35m (4.6ms)[0m  [1m[35mCREATE TABLE "users" ("id" bigserial primary key, "username" character varying NOT NULL, "password_digest" character varying NOT NULL, "session_token" character varying NOT NULL, "created_at" timestamp(6) NOT NULL, "updated_at" timestamp(6) NOT NULL)[0m
  [1m[35m (1.4ms)[0m  [1m[35mCREATE UNIQUE INDEX "index_users_on_username" ON "users" ("username")[0m
  [1m[35m (0.5ms)[0m  [1m[35mCREATE UNIQUE INDEX "index_users_on_session_token" ON "users" ("session_token")[0m
  [1m[36mActiveRecord::SchemaMigration Create (1.0ms)[0m  [1m[32mINSERT INTO "schema_migrations" ("version") VALUES ($1) RETURNING "version"[0m  [["version", "20230421174747"]]
  [1m[36mTRANSACTION (0.5ms)[0m  [1m[35mCOMMIT[0m
  [1m[36mActiveRecord::InternalMetadata Load (0.9ms)[0m  [1m[34mSELECT "ar_internal_metadata".* FROM "ar_internal_metadata" WHERE "ar_internal_metadata"."key" = $1 LIMIT $2[0m  [["key", "environment"], ["LIMIT", 1]]
  [1m[36mTRANSACTION (0.1ms)[0m  [1m[35mBEGIN[0m
  [1m[36mActiveRecord::InternalMetadata Create (0.7ms)[0m  [1m[32mINSERT INTO "ar_internal_metadata" ("key", "value", "created_at", "updated_at") VALUES ($1, $2, $3, $4) RETURNING "key"[0m  [["key", "environment"], ["value", "development"], ["created_at", "2023-04-21 17:53:48.371692"], ["updated_at", "2023-04-21 17:53:48.371692"]]
  [1m[36mTRANSACTION (0.1ms)[0m  [1m[35mCOMMIT[0m
  [1m[35m (0.1ms)[0m  [1m[34mSELECT pg_advisory_unlock(8057437283407492260)[0m
  [1m[36mActiveRecord::SchemaMigration Pluck (0.5ms)[0m  [1m[34mSELECT "schema_migrations"."version" FROM "schema_migrations" ORDER BY "schema_migrations"."version" ASC[0m
  [1m[36mActiveRecord::SchemaMigration Pluck (0.6ms)[0m  [1m[34mSELECT "schema_migrations"."version" FROM "schema_migrations" ORDER BY "schema_migrations"."version" ASC[0m
  [1m[35m (0.1ms)[0m  [1m[34mSELECT pg_try_advisory_lock(8057437283407492260)[0m
  [1m[36mActiveRecord::SchemaMigration Pluck (0.7ms)[0m  [1m[34mSELECT "schema_migrations"."version" FROM "schema_migrations" ORDER BY "schema_migrations"."version" ASC[0m
Migrating to CreateSubs (20230421181352)
  [1m[36mTRANSACTION (0.1ms)[0m  [1m[35mBEGIN[0m
  [1m[35m (9.1ms)[0m  [1m[35mCREATE TABLE "subs" ("id" bigserial primary key, "title" character varying NOT NULL, "description" character varying NOT NULL, "moderator_id" bigint NOT NULL, "created_at" timestamp(6) NOT NULL, "updated_at" timestamp(6) NOT NULL)[0m
  [1m[35m (1.2ms)[0m  [1m[35mCREATE INDEX "index_subs_on_moderator_id" ON "subs" ("moderator_id")[0m
  [1m[35m (3.1ms)[0m  [1m[35mALTER TABLE "subs" ADD CONSTRAINT "fk_rails_67f5376a4c"
FOREIGN KEY ("user_id")
  REFERENCES "users" ("id")
[0m
  [1m[36mTRANSACTION (0.1ms)[0m  [1m[31mROLLBACK[0m
  [1m[35m (0.2ms)[0m  [1m[34mSELECT pg_advisory_unlock(8057437283407492260)[0m
  [1m[35m (0.1ms)[0m  [1m[34mSELECT pg_try_advisory_lock(8057437283407492260)[0m
  [1m[36mActiveRecord::SchemaMigration Pluck (0.9ms)[0m  [1m[34mSELECT "schema_migrations"."version" FROM "schema_migrations" ORDER BY "schema_migrations"."version" ASC[0m
Migrating to CreateSubs (20230421181352)
  [1m[36mTRANSACTION (0.1ms)[0m  [1m[35mBEGIN[0m
  [1m[35m (3.3ms)[0m  [1m[35mCREATE TABLE "subs" ("id" bigserial primary key, "title" character varying NOT NULL, "description" character varying NOT NULL, "moderator_id" bigint NOT NULL, "created_at" timestamp(6) NOT NULL, "updated_at" timestamp(6) NOT NULL)[0m
  [1m[35m (0.6ms)[0m  [1m[35mCREATE INDEX "index_subs_on_moderator_id" ON "subs" ("moderator_id")[0m
  [1m[35m (3.6ms)[0m  [1m[35mALTER TABLE "subs" ADD CONSTRAINT "fk_rails_290fd73d41"
FOREIGN KEY ("moderator_id")
  REFERENCES "users" ("id")
[0m
  [1m[36mActiveRecord::SchemaMigration Create (5.2ms)[0m  [1m[32mINSERT INTO "schema_migrations" ("version") VALUES ($1) RETURNING "version"[0m  [["version", "20230421181352"]]
  [1m[36mTRANSACTION (1.0ms)[0m  [1m[35mCOMMIT[0m
Migrating to CreatePosts (20230421181922)
  [1m[36mTRANSACTION (0.3ms)[0m  [1m[35mBEGIN[0m
  [1m[35m (1.7ms)[0m  [1m[35mCREATE TABLE "posts" ("id" bigserial primary key, "created_at" timestamp(6) NOT NULL, "updated_at" timestamp(6) NOT NULL)[0m
  [1m[36mActiveRecord::SchemaMigration Create (0.2ms)[0m  [1m[32mINSERT INTO "schema_migrations" ("version") VALUES ($1) RETURNING "version"[0m  [["version", "20230421181922"]]
  [1m[36mTRANSACTION (0.2ms)[0m  [1m[35mCOMMIT[0m
  [1m[36mActiveRecord::InternalMetadata Load (0.7ms)[0m  [1m[34mSELECT "ar_internal_metadata".* FROM "ar_internal_metadata" WHERE "ar_internal_metadata"."key" = $1 LIMIT $2[0m  [["key", "environment"], ["LIMIT", 1]]
  [1m[35m (0.4ms)[0m  [1m[34mSELECT pg_advisory_unlock(8057437283407492260)[0m
  [1m[36mActiveRecord::SchemaMigration Pluck (0.6ms)[0m  [1m[34mSELECT "schema_migrations"."version" FROM "schema_migrations" ORDER BY "schema_migrations"."version" ASC[0m
  [1m[35m (0.1ms)[0m  [1m[34mSELECT pg_try_advisory_lock(8057437283407492260)[0m
  [1m[36mActiveRecord::SchemaMigration Pluck (1.5ms)[0m  [1m[34mSELECT "schema_migrations"."version" FROM "schema_migrations" ORDER BY "schema_migrations"."version" ASC[0m
  [1m[36mActiveRecord::InternalMetadata Load (0.3ms)[0m  [1m[34mSELECT "ar_internal_metadata".* FROM "ar_internal_metadata" WHERE "ar_internal_metadata"."key" = $1 LIMIT $2[0m  [["key", "environment"], ["LIMIT", 1]]
  [1m[35m (0.2ms)[0m  [1m[34mSELECT pg_advisory_unlock(8057437283407492260)[0m
  [1m[36mActiveRecord::SchemaMigration Pluck (0.5ms)[0m  [1m[34mSELECT "schema_migrations"."version" FROM "schema_migrations" ORDER BY "schema_migrations"."version" ASC[0m
  [1m[35m (0.1ms)[0m  [1m[34mSELECT pg_try_advisory_lock(8057437283407492260)[0m
  [1m[36mActiveRecord::SchemaMigration Pluck (1.2ms)[0m  [1m[34mSELECT "schema_migrations"."version" FROM "schema_migrations" ORDER BY "schema_migrations"."version" ASC[0m
  [1m[36mActiveRecord::InternalMetadata Load (0.5ms)[0m  [1m[34mSELECT "ar_internal_metadata".* FROM "ar_internal_metadata" WHERE "ar_internal_metadata"."key" = $1 LIMIT $2[0m  [["key", "environment"], ["LIMIT", 1]]
  [1m[35m (0.1ms)[0m  [1m[34mSELECT pg_advisory_unlock(8057437283407492260)[0m
  [1m[36mActiveRecord::SchemaMigration Pluck (0.9ms)[0m  [1m[34mSELECT "schema_migrations"."version" FROM "schema_migrations" ORDER BY "schema_migrations"."version" ASC[0m
  [1m[36mActiveRecord::SchemaMigration Pluck (0.8ms)[0m  [1m[34mSELECT "schema_migrations"."version" FROM "schema_migrations" ORDER BY "schema_migrations"."version" ASC[0m
  [1m[35m (0.2ms)[0m  [1m[34mSELECT pg_try_advisory_lock(8057437283407492260)[0m
  [1m[36mActiveRecord::SchemaMigration Pluck (0.8ms)[0m  [1m[34mSELECT "schema_migrations"."version" FROM "schema_migrations" ORDER BY "schema_migrations"."version" ASC[0m
  [1m[36mActiveRecord::InternalMetadata Load (0.4ms)[0m  [1m[34mSELECT "ar_internal_metadata".* FROM "ar_internal_metadata" WHERE "ar_internal_metadata"."key" = $1 LIMIT $2[0m  [["key", "environment"], ["LIMIT", 1]]
  [1m[35m (0.1ms)[0m  [1m[34mSELECT pg_advisory_unlock(8057437283407492260)[0m
  [1m[36mActiveRecord::SchemaMigration Pluck (0.6ms)[0m  [1m[34mSELECT "schema_migrations"."version" FROM "schema_migrations" ORDER BY "schema_migrations"."version" ASC[0m
  [1m[36mActiveRecord::SchemaMigration Pluck (0.8ms)[0m  [1m[34mSELECT "schema_migrations"."version" FROM "schema_migrations" ORDER BY "schema_migrations"."version" ASC[0m
  [1m[36mActiveRecord::InternalMetadata Pluck (0.4ms)[0m  [1m[34mSELECT "ar_internal_metadata"."value" FROM "ar_internal_metadata" WHERE "ar_internal_metadata"."key" = $1 LIMIT $2[0m  [["key", "environment"], ["LIMIT", 1]]
  [1m[36mActiveRecord::SchemaMigration Pluck (0.2ms)[0m  [1m[34mSELECT "schema_migrations"."version" FROM "schema_migrations" ORDER BY "schema_migrations"."version" ASC[0m
  [1m[36mActiveRecord::InternalMetadata Pluck (0.1ms)[0m  [1m[34mSELECT "ar_internal_metadata"."value" FROM "ar_internal_metadata" WHERE "ar_internal_metadata"."key" = $1 LIMIT $2[0m  [["key", "environment"], ["LIMIT", 1]]
  [1m[36mActiveRecord::SchemaMigration Pluck (0.2ms)[0m  [1m[34mSELECT "schema_migrations"."version" FROM "schema_migrations" ORDER BY "schema_migrations"."version" ASC[0m
  [1m[36mActiveRecord::InternalMetadata Pluck (0.1ms)[0m  [1m[34mSELECT "ar_internal_metadata"."value" FROM "ar_internal_metadata" WHERE "ar_internal_metadata"."key" = $1 LIMIT $2[0m  [["key", "environment"], ["LIMIT", 1]]
  [1m[35m (35.3ms)[0m  [1m[35mDROP DATABASE IF EXISTS "Reddit_development"[0m
  [1m[35m (26.2ms)[0m  [1m[35mDROP DATABASE IF EXISTS "Reddit_test"[0m
  [1m[35m (71.0ms)[0m  [1m[35mCREATE DATABASE "Reddit_development" ENCODING = 'unicode'[0m
  [1m[35m (44.0ms)[0m  [1m[35mCREATE DATABASE "Reddit_test" ENCODING = 'unicode'[0m
  [1m[35mSQL (0.4ms)[0m  [1m[35mCREATE EXTENSION IF NOT EXISTS "plpgsql"[0m
  [1m[35m (0.1ms)[0m  [1m[35mDROP TABLE IF EXISTS "posts" CASCADE[0m
  [1m[35m (1.6ms)[0m  [1m[35mCREATE TABLE "posts" ("id" bigserial primary key, "created_at" timestamp(6) NOT NULL, "updated_at" timestamp(6) NOT NULL)[0m
  [1m[35m (0.1ms)[0m  [1m[35mDROP TABLE IF EXISTS "subs" CASCADE[0m
  [1m[35m (1.3ms)[0m  [1m[35mCREATE TABLE "subs" ("id" bigserial primary key, "title" character varying NOT NULL, "description" character varying NOT NULL, "moderator_id" bigint NOT NULL, "created_at" timestamp(6) NOT NULL, "updated_at" timestamp(6) NOT NULL)[0m
  [1m[35m (0.7ms)[0m  [1m[35mCREATE INDEX "index_subs_on_moderator_id" ON "subs" ("moderator_id")[0m
  [1m[35m (0.1ms)[0m  [1m[35mDROP TABLE IF EXISTS "users" CASCADE[0m
  [1m[35m (1.0ms)[0m  [1m[35mCREATE TABLE "users" ("id" bigserial primary key, "username" character varying NOT NULL, "password_digest" character varying NOT NULL, "session_token" character varying NOT NULL, "created_at" timestamp(6) NOT NULL, "updated_at" timestamp(6) NOT NULL)[0m
  [1m[35m (0.3ms)[0m  [1m[35mCREATE UNIQUE INDEX "index_users_on_session_token" ON "users" ("session_token")[0m
  [1m[35m (0.4ms)[0m  [1m[35mCREATE UNIQUE INDEX "index_users_on_username" ON "users" ("username")[0m
  [1m[35m (0.8ms)[0m  [1m[35mALTER TABLE "subs" ADD CONSTRAINT "fk_rails_290fd73d41"
FOREIGN KEY ("moderator_id")
  REFERENCES "users" ("id")
[0m
  [1m[35m (4.9ms)[0m  [1m[35mCREATE TABLE "schema_migrations" ("version" character varying NOT NULL PRIMARY KEY)[0m
  [1m[36mActiveRecord::SchemaMigration Pluck (0.1ms)[0m  [1m[34mSELECT "schema_migrations"."version" FROM "schema_migrations" ORDER BY "schema_migrations"."version" ASC[0m
  [1m[35m (0.2ms)[0m  [1m[32mINSERT INTO "schema_migrations" (version) VALUES (20230421181922)[0m
  [1m[35m (0.1ms)[0m  [1m[32mINSERT INTO "schema_migrations" (version) VALUES
(20230421174747),
(20230421181352);

[0m
  [1m[35m (0.9ms)[0m  [1m[35mCREATE TABLE "ar_internal_metadata" ("key" character varying NOT NULL PRIMARY KEY, "value" character varying, "created_at" timestamp(6) NOT NULL, "updated_at" timestamp(6) NOT NULL)[0m
  [1m[36mActiveRecord::InternalMetadata Load (0.2ms)[0m  [1m[34mSELECT "ar_internal_metadata".* FROM "ar_internal_metadata" WHERE "ar_internal_metadata"."key" = $1 LIMIT $2[0m  [["key", "environment"], ["LIMIT", 1]]
  [1m[36mTRANSACTION (0.1ms)[0m  [1m[35mBEGIN[0m
  [1m[36mActiveRecord::InternalMetadata Create (0.2ms)[0m  [1m[32mINSERT INTO "ar_internal_metadata" ("key", "value", "created_at", "updated_at") VALUES ($1, $2, $3, $4) RETURNING "key"[0m  [["key", "environment"], ["value", "development"], ["created_at", "2023-04-21 18:29:15.449719"], ["updated_at", "2023-04-21 18:29:15.449719"]]
  [1m[36mTRANSACTION (0.1ms)[0m  [1m[35mCOMMIT[0m
  [1m[36mActiveRecord::InternalMetadata Load (0.1ms)[0m  [1m[34mSELECT "ar_internal_metadata".* FROM "ar_internal_metadata" WHERE "ar_internal_metadata"."key" = $1 LIMIT $2[0m  [["key", "environment"], ["LIMIT", 1]]
  [1m[36mActiveRecord::InternalMetadata Load (0.0ms)[0m  [1m[34mSELECT "ar_internal_metadata".* FROM "ar_internal_metadata" WHERE "ar_internal_metadata"."key" = $1 LIMIT $2[0m  [["key", "schema_sha1"], ["LIMIT", 1]]
  [1m[36mTRANSACTION (0.0ms)[0m  [1m[35mBEGIN[0m
  [1m[36mActiveRecord::InternalMetadata Create (0.1ms)[0m  [1m[32mINSERT INTO "ar_internal_metadata" ("key", "value", "created_at", "updated_at") VALUES ($1, $2, $3, $4) RETURNING "key"[0m  [["key", "schema_sha1"], ["value", "9eba83782b74b2b684f4002fc6de1eb61f0ec729"], ["created_at", "2023-04-21 18:29:15.453380"], ["updated_at", "2023-04-21 18:29:15.453380"]]
  [1m[36mTRANSACTION (0.1ms)[0m  [1m[35mCOMMIT[0m
  [1m[35mSQL (0.1ms)[0m  [1m[35mCREATE EXTENSION IF NOT EXISTS "plpgsql"[0m
  [1m[35m (0.0ms)[0m  [1m[35mDROP TABLE IF EXISTS "posts" CASCADE[0m
  [1m[35m (1.4ms)[0m  [1m[35mCREATE TABLE "posts" ("id" bigserial primary key, "created_at" timestamp(6) NOT NULL, "updated_at" timestamp(6) NOT NULL)[0m
  [1m[35m (0.1ms)[0m  [1m[35mDROP TABLE IF EXISTS "subs" CASCADE[0m
  [1m[35m (1.2ms)[0m  [1m[35mCREATE TABLE "subs" ("id" bigserial primary key, "title" character varying NOT NULL, "description" character varying NOT NULL, "moderator_id" bigint NOT NULL, "created_at" timestamp(6) NOT NULL, "updated_at" timestamp(6) NOT NULL)[0m
  [1m[35m (0.2ms)[0m  [1m[35mCREATE INDEX "index_subs_on_moderator_id" ON "subs" ("moderator_id")[0m
  [1m[35m (0.0ms)[0m  [1m[35mDROP TABLE IF EXISTS "users" CASCADE[0m
  [1m[35m (0.8ms)[0m  [1m[35mCREATE TABLE "users" ("id" bigserial primary key, "username" character varying NOT NULL, "password_digest" character varying NOT NULL, "session_token" character varying NOT NULL, "created_at" timestamp(6) NOT NULL, "updated_at" timestamp(6) NOT NULL)[0m
  [1m[35m (0.3ms)[0m  [1m[35mCREATE UNIQUE INDEX "index_users_on_session_token" ON "users" ("session_token")[0m
  [1m[35m (0.2ms)[0m  [1m[35mCREATE UNIQUE INDEX "index_users_on_username" ON "users" ("username")[0m
  [1m[35m (0.8ms)[0m  [1m[35mALTER TABLE "subs" ADD CONSTRAINT "fk_rails_290fd73d41"
FOREIGN KEY ("moderator_id")
  REFERENCES "users" ("id")
[0m
  [1m[35m (0.7ms)[0m  [1m[35mCREATE TABLE "schema_migrations" ("version" character varying NOT NULL PRIMARY KEY)[0m
  [1m[36mActiveRecord::SchemaMigration Pluck (0.1ms)[0m  [1m[34mSELECT "schema_migrations"."version" FROM "schema_migrations" ORDER BY "schema_migrations"."version" ASC[0m
  [1m[35m (0.2ms)[0m  [1m[32mINSERT INTO "schema_migrations" (version) VALUES (20230421181922)[0m
  [1m[35m (0.1ms)[0m  [1m[32mINSERT INTO "schema_migrations" (version) VALUES
(20230421174747),
(20230421181352);

[0m
  [1m[35m (0.9ms)[0m  [1m[35mCREATE TABLE "ar_internal_metadata" ("key" character varying NOT NULL PRIMARY KEY, "value" character varying, "created_at" timestamp(6) NOT NULL, "updated_at" timestamp(6) NOT NULL)[0m
  [1m[36mActiveRecord::InternalMetadata Load (0.1ms)[0m  [1m[34mSELECT "ar_internal_metadata".* FROM "ar_internal_metadata" WHERE "ar_internal_metadata"."key" = $1 LIMIT $2[0m  [["key", "environment"], ["LIMIT", 1]]
  [1m[36mTRANSACTION (0.0ms)[0m  [1m[35mBEGIN[0m
  [1m[36mActiveRecord::InternalMetadata Create (0.1ms)[0m  [1m[32mINSERT INTO "ar_internal_metadata" ("key", "value", "created_at", "updated_at") VALUES ($1, $2, $3, $4) RETURNING "key"[0m  [["key", "environment"], ["value", "development"], ["created_at", "2023-04-21 18:29:15.474081"], ["updated_at", "2023-04-21 18:29:15.474081"]]
  [1m[36mTRANSACTION (0.1ms)[0m  [1m[35mCOMMIT[0m
  [1m[36mActiveRecord::InternalMetadata Load (0.0ms)[0m  [1m[34mSELECT "ar_internal_metadata".* FROM "ar_internal_metadata" WHERE "ar_internal_metadata"."key" = $1 LIMIT $2[0m  [["key", "environment"], ["LIMIT", 1]]
  [1m[36mTRANSACTION (0.0ms)[0m  [1m[35mBEGIN[0m
  [1m[36mActiveRecord::InternalMetadata Update (0.2ms)[0m  [1m[33mUPDATE "ar_internal_metadata" SET "value" = $1, "updated_at" = $2 WHERE "ar_internal_metadata"."key" = $3[0m  [["value", "test"], ["updated_at", "2023-04-21 18:29:15.475999"], ["key", "environment"]]
  [1m[36mTRANSACTION (0.1ms)[0m  [1m[35mCOMMIT[0m
  [1m[36mActiveRecord::InternalMetadata Load (0.0ms)[0m  [1m[34mSELECT "ar_internal_metadata".* FROM "ar_internal_metadata" WHERE "ar_internal_metadata"."key" = $1 LIMIT $2[0m  [["key", "schema_sha1"], ["LIMIT", 1]]
  [1m[36mTRANSACTION (0.0ms)[0m  [1m[35mBEGIN[0m
  [1m[36mActiveRecord::InternalMetadata Create (0.1ms)[0m  [1m[32mINSERT INTO "ar_internal_metadata" ("key", "value", "created_at", "updated_at") VALUES ($1, $2, $3, $4) RETURNING "key"[0m  [["key", "schema_sha1"], ["value", "9eba83782b74b2b684f4002fc6de1eb61f0ec729"], ["created_at", "2023-04-21 18:29:15.477819"], ["updated_at", "2023-04-21 18:29:15.477819"]]
  [1m[36mTRANSACTION (0.1ms)[0m  [1m[35mCOMMIT[0m
  [1m[36mActiveRecord::SchemaMigration Pluck (0.2ms)[0m  [1m[34mSELECT "schema_migrations"."version" FROM "schema_migrations" ORDER BY "schema_migrations"."version" ASC[0m
  [1m[35m (0.1ms)[0m  [1m[34mSELECT pg_try_advisory_lock(8057437283407492260)[0m
  [1m[36mActiveRecord::SchemaMigration Pluck (0.6ms)[0m  [1m[34mSELECT "schema_migrations"."version" FROM "schema_migrations" ORDER BY "schema_migrations"."version" ASC[0m
  [1m[36mActiveRecord::InternalMetadata Load (0.4ms)[0m  [1m[34mSELECT "ar_internal_metadata".* FROM "ar_internal_metadata" WHERE "ar_internal_metadata"."key" = $1 LIMIT $2[0m  [["key", "environment"], ["LIMIT", 1]]
  [1m[35m (0.1ms)[0m  [1m[34mSELECT pg_advisory_unlock(8057437283407492260)[0m
  [1m[36mActiveRecord::SchemaMigration Pluck (0.6ms)[0m  [1m[34mSELECT "schema_migrations"."version" FROM "schema_migrations" ORDER BY "schema_migrations"."version" ASC[0m
  [1m[35m (0.1ms)[0m  [1m[34mSELECT pg_try_advisory_lock(8057437283407492260)[0m
  [1m[36mActiveRecord::SchemaMigration Pluck (0.7ms)[0m  [1m[34mSELECT "schema_migrations"."version" FROM "schema_migrations" ORDER BY "schema_migrations"."version" ASC[0m
  [1m[36mActiveRecord::InternalMetadata Load (0.4ms)[0m  [1m[34mSELECT "ar_internal_metadata".* FROM "ar_internal_metadata" WHERE "ar_internal_metadata"."key" = $1 LIMIT $2[0m  [["key", "environment"], ["LIMIT", 1]]
  [1m[35m (0.1ms)[0m  [1m[34mSELECT pg_advisory_unlock(8057437283407492260)[0m
  [1m[36mActiveRecord::SchemaMigration Pluck (0.5ms)[0m  [1m[34mSELECT "schema_migrations"."version" FROM "schema_migrations" ORDER BY "schema_migrations"."version" ASC[0m
  [1m[36mActiveRecord::SchemaMigration Pluck (0.9ms)[0m  [1m[34mSELECT "schema_migrations"."version" FROM "schema_migrations" ORDER BY "schema_migrations"."version" ASC[0m
  [1m[36mActiveRecord::SchemaMigration Pluck (0.2ms)[0m  [1m[34mSELECT "schema_migrations"."version" FROM "schema_migrations" ORDER BY "schema_migrations"."version" ASC[0m
  [1m[36mActiveRecord::SchemaMigration Pluck (0.2ms)[0m  [1m[34mSELECT "schema_migrations"."version" FROM "schema_migrations" ORDER BY "schema_migrations"."version" ASC[0m
  [1m[35m (0.1ms)[0m  [1m[34mSELECT pg_try_advisory_lock(8057437283407492260)[0m
  [1m[36mActiveRecord::SchemaMigration Pluck (0.1ms)[0m  [1m[34mSELECT "schema_migrations"."version" FROM "schema_migrations" ORDER BY "schema_migrations"."version" ASC[0m
Migrating to CreatePosts (20230421181922)
  [1m[36mTRANSACTION (0.1ms)[0m  [1m[35mBEGIN[0m
  [1m[36mTRANSACTION (0.1ms)[0m  [1m[31mROLLBACK[0m
  [1m[35m (0.2ms)[0m  [1m[34mSELECT pg_advisory_unlock(8057437283407492260)[0m
  [1m[35m (0.1ms)[0m  [1m[34mSELECT pg_try_advisory_lock(8057437283407492260)[0m
  [1m[36mActiveRecord::SchemaMigration Pluck (0.8ms)[0m  [1m[34mSELECT "schema_migrations"."version" FROM "schema_migrations" ORDER BY "schema_migrations"."version" ASC[0m
  [1m[36mActiveRecord::InternalMetadata Load (0.5ms)[0m  [1m[34mSELECT "ar_internal_metadata".* FROM "ar_internal_metadata" WHERE "ar_internal_metadata"."key" = $1 LIMIT $2[0m  [["key", "environment"], ["LIMIT", 1]]
  [1m[35m (0.2ms)[0m  [1m[34mSELECT pg_advisory_unlock(8057437283407492260)[0m
  [1m[36mActiveRecord::SchemaMigration Pluck (0.8ms)[0m  [1m[34mSELECT "schema_migrations"."version" FROM "schema_migrations" ORDER BY "schema_migrations"."version" ASC[0m
  [1m[35m (0.1ms)[0m  [1m[34mSELECT pg_try_advisory_lock(8057437283407492260)[0m
  [1m[36mActiveRecord::SchemaMigration Pluck (0.6ms)[0m  [1m[34mSELECT "schema_migrations"."version" FROM "schema_migrations" ORDER BY "schema_migrations"."version" ASC[0m
  [1m[36mActiveRecord::InternalMetadata Load (0.4ms)[0m  [1m[34mSELECT "ar_internal_metadata".* FROM "ar_internal_metadata" WHERE "ar_internal_metadata"."key" = $1 LIMIT $2[0m  [["key", "environment"], ["LIMIT", 1]]
  [1m[35m (0.1ms)[0m  [1m[34mSELECT pg_advisory_unlock(8057437283407492260)[0m
  [1m[36mActiveRecord::SchemaMigration Pluck (0.5ms)[0m  [1m[34mSELECT "schema_migrations"."version" FROM "schema_migrations" ORDER BY "schema_migrations"."version" ASC[0m
  [1m[35m (0.1ms)[0m  [1m[34mSELECT pg_try_advisory_lock(8057437283407492260)[0m
  [1m[36mActiveRecord::SchemaMigration Pluck (0.6ms)[0m  [1m[34mSELECT "schema_migrations"."version" FROM "schema_migrations" ORDER BY "schema_migrations"."version" ASC[0m
Migrating to ChangePosts (20230421183329)
  [1m[35m (0.2ms)[0m  [1m[34mSELECT pg_advisory_unlock(8057437283407492260)[0m
  [1m[35m (0.1ms)[0m  [1m[34mSELECT pg_try_advisory_lock(8057437283407492260)[0m
  [1m[36mActiveRecord::SchemaMigration Pluck (0.4ms)[0m  [1m[34mSELECT "schema_migrations"."version" FROM "schema_migrations" ORDER BY "schema_migrations"."version" ASC[0m
Migrating to ChangePosts (20230421183329)
  [1m[36mTRANSACTION (0.1ms)[0m  [1m[35mBEGIN[0m
  [1m[35m (0.6ms)[0m  [1m[35mALTER TABLE "title" ADD "posts" character varying NOT NULL[0m
  [1m[36mTRANSACTION (0.0ms)[0m  [1m[31mROLLBACK[0m
  [1m[35m (0.1ms)[0m  [1m[34mSELECT pg_advisory_unlock(8057437283407492260)[0m
  [1m[35m (0.1ms)[0m  [1m[34mSELECT pg_try_advisory_lock(8057437283407492260)[0m
  [1m[36mActiveRecord::SchemaMigration Pluck (0.9ms)[0m  [1m[34mSELECT "schema_migrations"."version" FROM "schema_migrations" ORDER BY "schema_migrations"."version" ASC[0m
Migrating to ChangePosts (20230421183329)
  [1m[36mTRANSACTION (0.1ms)[0m  [1m[35mBEGIN[0m
  [1m[35m (2.4ms)[0m  [1m[35mALTER TABLE "posts" ADD "title" character varying NOT NULL[0m
  [1m[35m (0.2ms)[0m  [1m[35mALTER TABLE "posts" ADD "url" character varying[0m
  [1m[35m (0.1ms)[0m  [1m[35mALTER TABLE "posts" ADD "content" text[0m
  [1m[35m (0.1ms)[0m  [1m[35mALTER TABLE "posts" ADD "sub_id" bigint NOT NULL[0m
  [1m[35m (0.2ms)[0m  [1m[35mALTER TABLE "posts" ADD "author_id" bigint NOT NULL[0m
  [1m[35m (1.3ms)[0m  [1m[35mCREATE UNIQUE INDEX "index_posts_on_sub_id" ON "posts" ("sub_id")[0m
  [1m[35m (0.7ms)[0m  [1m[35mCREATE UNIQUE INDEX "index_posts_on_author_id" ON "posts" ("author_id")[0m
  [1m[35m (3.3ms)[0m  [1m[35mALTER TABLE "posts" ADD CONSTRAINT "fk_rails_5bdccabcd5"
FOREIGN KEY ("sub_id")
  REFERENCES "subs" ("id")
[0m
  [1m[35m (2.3ms)[0m  [1m[35mALTER TABLE "posts" ADD CONSTRAINT "fk_rails_04d13ef8c7"
FOREIGN KEY ("author_id")
  REFERENCES "users" ("id")
[0m
  [1m[36mActiveRecord::SchemaMigration Create (0.3ms)[0m  [1m[32mINSERT INTO "schema_migrations" ("version") VALUES ($1) RETURNING "version"[0m  [["version", "20230421183329"]]
  [1m[36mTRANSACTION (1.0ms)[0m  [1m[35mCOMMIT[0m
  [1m[36mActiveRecord::InternalMetadata Load (0.5ms)[0m  [1m[34mSELECT "ar_internal_metadata".* FROM "ar_internal_metadata" WHERE "ar_internal_metadata"."key" = $1 LIMIT $2[0m  [["key", "environment"], ["LIMIT", 1]]
  [1m[35m (0.4ms)[0m  [1m[34mSELECT pg_advisory_unlock(8057437283407492260)[0m
  [1m[36mActiveRecord::SchemaMigration Pluck (1.2ms)[0m  [1m[34mSELECT "schema_migrations"."version" FROM "schema_migrations" ORDER BY "schema_migrations"."version" ASC[0m
  [1m[36mActiveRecord::SchemaMigration Pluck (0.4ms)[0m  [1m[34mSELECT "schema_migrations"."version" FROM "schema_migrations" ORDER BY "schema_migrations"."version" ASC[0m
Started GET "/" for 127.0.0.1 at 2023-04-21 15:05:01 -0400
  [1m[36mActiveRecord::SchemaMigration Pluck (0.7ms)[0m  [1m[34mSELECT "schema_migrations"."version" FROM "schema_migrations" ORDER BY "schema_migrations"."version" ASC[0m
Processing by Rails::WelcomeController#index as HTML
  Rendering /Users/kinkatse/.rbenv/versions/3.1.1/lib/ruby/gems/3.1.0/gems/railties-7.0.4.3/lib/rails/templates/rails/welcome/index.html.erb
  Rendered /Users/kinkatse/.rbenv/versions/3.1.1/lib/ruby/gems/3.1.0/gems/railties-7.0.4.3/lib/rails/templates/rails/welcome/index.html.erb (Duration: 2.2ms | Allocations: 637)
Completed 200 OK in 13ms (Views: 8.3ms | ActiveRecord: 0.0ms | Allocations: 4721)


Started GET "/userws" for 127.0.0.1 at 2023-04-21 15:05:05 -0400
  
ActionController::RoutingError (No route matches [GET] "/userws"):
  
Started GET "/users" for 127.0.0.1 at 2023-04-21 15:05:08 -0400
Processing by UsersController#index as HTML
Completed 500 Internal Server Error in 21ms (ActiveRecord: 0.0ms | Allocations: 6517)



NameError - undefined local variable or method `treu' for User:Class
Did you mean?  true:
  app/models/user.rb:16:in `<class:User>'
  app/models/user.rb:12:in `<main>'
  app/controllers/application_controller.rb:6:in `current_user'
  app/controllers/application_controller.rb:10:in `signed_in?'
  app/controllers/application_controller.rb:24:in `require_signed_in'

Started POST "/__better_errors/a050b6b41ae8794e/variables" for 127.0.0.1 at 2023-04-21 15:05:08 -0400
Started GET "/users" for 127.0.0.1 at 2023-04-21 15:05:24 -0400
Processing by UsersController#index as HTML
  [1m[36mUser Load (1.6ms)[0m  [1m[34mSELECT "users".* FROM "users" WHERE "users"."session_token" IS NULL LIMIT $1[0m  [["LIMIT", 1]]
  ↳ app/controllers/application_controller.rb:6:in `current_user'
Redirected to http://127.0.0.1:3000/session/new
Filter chain halted as :require_signed_in rendered or redirected
Completed 302 Found in 10ms (ActiveRecord: 4.4ms | Allocations: 4619)


Started GET "/session/new" for 127.0.0.1 at 2023-04-21 15:05:24 -0400
Processing by SessionsController#new as HTML
Completed 406 Not Acceptable in 6ms (ActiveRecord: 2.8ms | Allocations: 5657)



ActionController::MissingExactTemplate - SessionsController#new is missing a template for request formats: text/html:

Started POST "/__better_errors/2a1a8c6d389a4b2d/variables" for 127.0.0.1 at 2023-04-21 15:05:24 -0400
Started GET "/session/new" for 127.0.0.1 at 2023-04-21 15:05:55 -0400
Processing by SessionsController#new as HTML
  Rendering layout layouts/application.html.erb
  Rendering sessions/new.html.erb within layouts/application
  Rendered sessions/new.html.erb within layouts/application (Duration: 2.4ms | Allocations: 485)
  Rendered layout layouts/application.html.erb (Duration: 240.4ms | Allocations: 67764)
Completed 200 OK in 249ms (Views: 243.1ms | ActiveRecord: 0.0ms | Allocations: 68746)


Started POST "/session" for 127.0.0.1 at 2023-04-21 15:06:00 -0400
Processing by SessionsController#create as HTML
  Parameters: {"authenticity_token"=>"[FILTERED]", "user"=>{"username"=>"Vincent", "password"=>"[FILTERED]"}}
  [1m[36mUser Load (0.3ms)[0m  [1m[34mSELECT "users".* FROM "users" WHERE "users"."username" = $1 LIMIT $2[0m  [["username", "Vincent"], ["LIMIT", 1]]
  ↳ app/models/user.rb:23:in `find_by_credentials'
Completed 500 Internal Server Error in 5ms (ActiveRecord: 0.3ms | Allocations: 5839)



NameError - uninitialized constant User::BCrypt
        self.password_digest = BCrypt::Password.create(password) 
                               ^^^^^^:
  app/models/user.rb:33:in `password='
  app/controllers/sessions_controller.rb:18:in `create'

Started POST "/__better_errors/0636b82d978ce749/variables" for 127.0.0.1 at 2023-04-21 15:06:00 -0400
Started POST "/session" for 127.0.0.1 at 2023-04-21 15:07:34 -0400
Processing by SessionsController#create as HTML
  Parameters: {"authenticity_token"=>"[FILTERED]", "user"=>{"username"=>"Vincent", "password"=>"[FILTERED]"}}
  [1m[36mUser Load (0.7ms)[0m  [1m[34mSELECT "users".* FROM "users" WHERE "users"."username" = $1 LIMIT $2[0m  [["username", "Vincent"], ["LIMIT", 1]]
  ↳ app/models/user.rb:23:in `find_by_credentials'
Completed 500 Internal Server Error in 40ms (ActiveRecord: 0.7ms | Allocations: 4478)



NameError - uninitialized constant User::BCrypt
        self.password_digest = BCrypt::Password.create(password) 
                               ^^^^^^:
  app/models/user.rb:33:in `password='
  app/controllers/sessions_controller.rb:18:in `create'

Started POST "/__better_errors/62b3638170e3f311/variables" for 127.0.0.1 at 2023-04-21 15:07:34 -0400
Started POST "/session" for 127.0.0.1 at 2023-04-21 15:07:37 -0400
Processing by SessionsController#create as HTML
  Parameters: {"authenticity_token"=>"[FILTERED]", "user"=>{"username"=>"Vincent", "password"=>"[FILTERED]"}}
  [1m[36mUser Load (0.3ms)[0m  [1m[34mSELECT "users".* FROM "users" WHERE "users"."username" = $1 LIMIT $2[0m  [["username", "Vincent"], ["LIMIT", 1]]
  ↳ app/models/user.rb:23:in `find_by_credentials'
Completed 500 Internal Server Error in 8ms (ActiveRecord: 0.3ms | Allocations: 4474)



NameError - uninitialized constant User::BCrypt
        self.password_digest = BCrypt::Password.create(password) 
                               ^^^^^^:
  app/models/user.rb:33:in `password='
  app/controllers/sessions_controller.rb:18:in `create'

Started POST "/__better_errors/e19b4ba4a8fa2985/variables" for 127.0.0.1 at 2023-04-21 15:07:38 -0400
Started POST "/session" for 127.0.0.1 at 2023-04-21 15:08:01 -0400
Processing by SessionsController#create as HTML
  Parameters: {"authenticity_token"=>"[FILTERED]", "user"=>{"username"=>"Vincent", "password"=>"[FILTERED]"}}
  [1m[36mUser Load (0.7ms)[0m  [1m[34mSELECT "users".* FROM "users" WHERE "users"."username" = $1 LIMIT $2[0m  [["username", "Vincent"], ["LIMIT", 1]]
  ↳ app/models/user.rb:23:in `find_by_credentials'
Completed 500 Internal Server Error in 25ms (ActiveRecord: 0.7ms | Allocations: 4462)



NameError - uninitialized constant User::BCrypt
        self.password_digest = BCrypt::Password.create(password) 
                               ^^^^^^:
  app/models/user.rb:33:in `password='
  app/controllers/sessions_controller.rb:18:in `create'

Started POST "/__better_errors/4b13a2997ba4df27/variables" for 127.0.0.1 at 2023-04-21 15:08:01 -0400
Started POST "/session" for 127.0.0.1 at 2023-04-21 15:08:03 -0400
Processing by SessionsController#create as HTML
  Parameters: {"authenticity_token"=>"[FILTERED]", "user"=>{"username"=>"Vincent", "password"=>"[FILTERED]"}}
  [1m[36mUser Load (0.4ms)[0m  [1m[34mSELECT "users".* FROM "users" WHERE "users"."username" = $1 LIMIT $2[0m  [["username", "Vincent"], ["LIMIT", 1]]
  ↳ app/models/user.rb:23:in `find_by_credentials'
Completed 500 Internal Server Error in 11ms (ActiveRecord: 0.4ms | Allocations: 4474)



NameError - uninitialized constant User::BCrypt
        self.password_digest = BCrypt::Password.create(password) 
                               ^^^^^^:
  app/models/user.rb:33:in `password='
  app/controllers/sessions_controller.rb:18:in `create'

Started POST "/__better_errors/5771d6274e5241f7/variables" for 127.0.0.1 at 2023-04-21 15:08:03 -0400
Started POST "/session" for 127.0.0.1 at 2023-04-21 15:09:35 -0400
Processing by SessionsController#create as HTML
  Parameters: {"authenticity_token"=>"[FILTERED]", "user"=>{"username"=>"Vincent", "password"=>"[FILTERED]"}}
  [1m[36mUser Load (1.4ms)[0m  [1m[34mSELECT "users".* FROM "users" WHERE "users"."username" = $1 LIMIT $2[0m  [["username", "Vincent"], ["LIMIT", 1]]
  ↳ app/models/user.rb:23:in `find_by_credentials'
Completed 500 Internal Server Error in 20ms (ActiveRecord: 1.4ms | Allocations: 4462)



NameError - uninitialized constant User::BCrypt
        self.password_digest = BCrypt::Password.create(password) 
                               ^^^^^^:
  app/models/user.rb:33:in `password='
  app/controllers/sessions_controller.rb:18:in `create'

Started POST "/__better_errors/88983760198aefe7/variables" for 127.0.0.1 at 2023-04-21 15:09:35 -0400
Started POST "/session" for 127.0.0.1 at 2023-04-21 15:09:45 -0400
Processing by SessionsController#create as HTML
  Parameters: {"authenticity_token"=>"[FILTERED]", "user"=>{"username"=>"Vincent", "password"=>"[FILTERED]"}}
  [1m[36mUser Load (0.3ms)[0m  [1m[34mSELECT "users".* FROM "users" WHERE "users"."username" = $1 LIMIT $2[0m  [["username", "Vincent"], ["LIMIT", 1]]
  ↳ app/models/user.rb:23:in `find_by_credentials'
Completed 500 Internal Server Error in 10ms (ActiveRecord: 0.3ms | Allocations: 4464)



NameError - uninitialized constant User::BCrypt
        self.password_digest = BCrypt::Password.create(password) 
                               ^^^^^^:
  app/models/user.rb:33:in `password='
  app/controllers/sessions_controller.rb:18:in `create'

Started POST "/__better_errors/938fc060dd8cc557/variables" for 127.0.0.1 at 2023-04-21 15:09:45 -0400
Started POST "/session" for 127.0.0.1 at 2023-04-21 15:10:36 -0400
Processing by SessionsController#create as HTML
  Parameters: {"authenticity_token"=>"[FILTERED]", "user"=>{"username"=>"Vincent", "password"=>"[FILTERED]"}}
  [1m[36mUser Load (0.6ms)[0m  [1m[34mSELECT "users".* FROM "users" WHERE "users"."username" = $1 LIMIT $2[0m  [["username", "Vincent"], ["LIMIT", 1]]
  ↳ app/models/user.rb:23:in `find_by_credentials'
Completed 500 Internal Server Error in 14ms (ActiveRecord: 0.6ms | Allocations: 4462)



NameError - uninitialized constant User::BCrypt
        self.password_digest = BCrypt::Password.create(password) 
                               ^^^^^^:
  app/models/user.rb:33:in `password='
  app/controllers/sessions_controller.rb:18:in `create'

Started POST "/__better_errors/2310b7909e3bb5fa/variables" for 127.0.0.1 at 2023-04-21 15:10:36 -0400
Started POST "/__better_errors/2310b7909e3bb5fa/variables" for 127.0.0.1 at 2023-04-21 15:11:22 -0400
Started POST "/session" for 127.0.0.1 at 2023-04-21 15:12:19 -0400
Processing by SessionsController#create as HTML
  Parameters: {"authenticity_token"=>"[FILTERED]", "user"=>{"username"=>"Vincent", "password"=>"[FILTERED]"}}
  [1m[36mUser Load (0.1ms)[0m  [1m[34mSELECT "users".* FROM "users" WHERE "users"."username" = $1 LIMIT $2[0m  [["username", "Vincent"], ["LIMIT", 1]]
  ↳ app/models/user.rb:23:in `find_by_credentials'
Completed 500 Internal Server Error in 13ms (ActiveRecord: 6.5ms | Allocations: 7609)



NameError - uninitialized constant User::BCrypt
        self.password_digest = BCrypt::Password.create(password) 
                               ^^^^^^:
  app/models/user.rb:33:in `password='
  app/controllers/sessions_controller.rb:18:in `create'

Started POST "/__better_errors/50c87d121b1e6c6a/variables" for 127.0.0.1 at 2023-04-21 15:12:20 -0400
Started POST "/session" for 127.0.0.1 at 2023-04-21 15:14:15 -0400
Processing by SessionsController#create as HTML
  Parameters: {"authenticity_token"=>"[FILTERED]", "user"=>{"username"=>"Vincent", "password"=>"[FILTERED]"}}
  [1m[36mUser Load (0.5ms)[0m  [1m[34mSELECT "users".* FROM "users" WHERE "users"."username" = $1 LIMIT $2[0m  [["username", "Vincent"], ["LIMIT", 1]]
  ↳ app/models/user.rb:23:in `find_by_credentials'
Completed 500 Internal Server Error in 17ms (ActiveRecord: 0.5ms | Allocations: 4462)



NameError - uninitialized constant User::BCrypt
        self.password_digest = BCrypt::Password.create(password) 
                               ^^^^^^:
  app/models/user.rb:33:in `password='
  app/controllers/sessions_controller.rb:18:in `create'

Started POST "/__better_errors/1679be5e3b27adcd/variables" for 127.0.0.1 at 2023-04-21 15:14:15 -0400
Started POST "/session" for 127.0.0.1 at 2023-04-21 15:15:25 -0400
Processing by SessionsController#create as HTML
  Parameters: {"authenticity_token"=>"[FILTERED]", "user"=>{"username"=>"Vincent", "password"=>"[FILTERED]"}}
  [1m[36mUser Load (0.1ms)[0m  [1m[34mSELECT "users".* FROM "users" WHERE "users"."username" = $1 LIMIT $2[0m  [["username", "Vincent"], ["LIMIT", 1]]
  ↳ app/models/user.rb:23:in `find_by_credentials'
Completed 500 Internal Server Error in 10ms (ActiveRecord: 3.9ms | Allocations: 7568)



NameError - uninitialized constant User::BCrypt
        self.password_digest = BCrypt::Password.create(password) 
                               ^^^^^^:
  app/models/user.rb:32:in `password='
  app/controllers/sessions_controller.rb:18:in `create'

Started POST "/__better_errors/f55f1e2e9ae49af6/variables" for 127.0.0.1 at 2023-04-21 15:15:25 -0400
Started POST "/session" for 127.0.0.1 at 2023-04-21 15:16:30 -0400
Processing by SessionsController#create as HTML
  Parameters: {"authenticity_token"=>"[FILTERED]", "user"=>{"username"=>"Vincent", "password"=>"[FILTERED]"}}
Completed 500 Internal Server Error in 36ms (ActiveRecord: 0.0ms | Allocations: 3585)



LoadError - cannot load such file -- bcrypt:
  app/models/user.rb:13:in `<class:User>'
  app/models/user.rb:12:in `<main>'
  app/controllers/sessions_controller.rb:9:in `create'

Started POST "/__better_errors/3dc8b4e38dd65122/variables" for 127.0.0.1 at 2023-04-21 15:16:30 -0400
Started POST "/session" for 127.0.0.1 at 2023-04-21 15:17:30 -0400
Processing by SessionsController#create as HTML
  Parameters: {"authenticity_token"=>"[FILTERED]", "user"=>{"username"=>"Vincent", "password"=>"[FILTERED]"}}
  [1m[36mUser Load (0.1ms)[0m  [1m[34mSELECT "users".* FROM "users" WHERE "users"."username" = $1 LIMIT $2[0m  [["username", "Vincent"], ["LIMIT", 1]]
  ↳ app/models/user.rb:23:in `find_by_credentials'
Completed 500 Internal Server Error in 15ms (ActiveRecord: 4.9ms | Allocations: 7547)



NameError - uninitialized constant User::BCrypt
        self.password_digest = BCrypt::Password.create(password) 
                               ^^^^^^:
  app/models/user.rb:32:in `password='
  app/controllers/sessions_controller.rb:18:in `create'

Started POST "/__better_errors/7e71959dde05f156/variables" for 127.0.0.1 at 2023-04-21 15:17:30 -0400
Started GET "/" for 127.0.0.1 at 2023-04-21 15:18:13 -0400
  [1m[36mActiveRecord::SchemaMigration Pluck (1.3ms)[0m  [1m[34mSELECT "schema_migrations"."version" FROM "schema_migrations" ORDER BY "schema_migrations"."version" ASC[0m
Processing by Rails::WelcomeController#index as HTML
  Rendering /Users/kinkatse/.rbenv/versions/3.1.1/lib/ruby/gems/3.1.0/gems/railties-7.0.4.3/lib/rails/templates/rails/welcome/index.html.erb
  Rendered /Users/kinkatse/.rbenv/versions/3.1.1/lib/ruby/gems/3.1.0/gems/railties-7.0.4.3/lib/rails/templates/rails/welcome/index.html.erb (Duration: 0.8ms | Allocations: 476)
Completed 200 OK in 5ms (Views: 1.9ms | ActiveRecord: 0.0ms | Allocations: 3337)


Started GET "/users" for 127.0.0.1 at 2023-04-21 15:18:17 -0400
Processing by UsersController#index as HTML
  [1m[36mUser Load (0.9ms)[0m  [1m[34mSELECT "users".* FROM "users" WHERE "users"."session_token" IS NULL LIMIT $1[0m  [["LIMIT", 1]]
  ↳ app/controllers/application_controller.rb:6:in `current_user'
Redirected to http://127.0.0.1:3000/session/new
Filter chain halted as :require_signed_in rendered or redirected
Completed 302 Found in 35ms (ActiveRecord: 2.8ms | Allocations: 5016)


Started GET "/session/new" for 127.0.0.1 at 2023-04-21 15:18:17 -0400
Processing by SessionsController#new as HTML
  Rendering layout layouts/application.html.erb
  Rendering sessions/new.html.erb within layouts/application
  Rendered sessions/new.html.erb within layouts/application (Duration: 0.9ms | Allocations: 568)
  Rendered layout layouts/application.html.erb (Duration: 19.4ms | Allocations: 21449)
Completed 200 OK in 26ms (Views: 20.1ms | ActiveRecord: 2.7ms | Allocations: 26389)


Started POST "/session" for 127.0.0.1 at 2023-04-21 15:18:20 -0400
Processing by SessionsController#create as HTML
  Parameters: {"authenticity_token"=>"[FILTERED]", "user"=>{"username"=>"v", "password"=>"[FILTERED]"}}
  [1m[36mUser Load (0.4ms)[0m  [1m[34mSELECT "users".* FROM "users" WHERE "users"."username" = $1 LIMIT $2[0m  [["username", "v"], ["LIMIT", 1]]
  ↳ app/models/user.rb:23:in `find_by_credentials'
  Rendering layout layouts/application.html.erb
  Rendering sessions/new.html.erb within layouts/application
  Rendered sessions/new.html.erb within layouts/application (Duration: 0.2ms | Allocations: 76)
  Rendered layout layouts/application.html.erb (Duration: 1.4ms | Allocations: 1186)
Completed 200 OK in 284ms (Views: 1.8ms | ActiveRecord: 0.4ms | Allocations: 3899)


Started POST "/session" for 127.0.0.1 at 2023-04-21 15:18:22 -0400
Processing by SessionsController#create as HTML
  Parameters: {"authenticity_token"=>"[FILTERED]", "user"=>{"username"=>"v", "password"=>"[FILTERED]"}}
  [1m[36mUser Load (0.4ms)[0m  [1m[34mSELECT "users".* FROM "users" WHERE "users"."username" = $1 LIMIT $2[0m  [["username", "v"], ["LIMIT", 1]]
  ↳ app/models/user.rb:23:in `find_by_credentials'
  Rendering layout layouts/application.html.erb
  Rendering sessions/new.html.erb within layouts/application
  Rendered sessions/new.html.erb within layouts/application (Duration: 0.2ms | Allocations: 57)
  Rendered layout layouts/application.html.erb (Duration: 1.2ms | Allocations: 1050)
Completed 200 OK in 286ms (Views: 1.5ms | ActiveRecord: 0.4ms | Allocations: 2050)


Started POST "/session" for 127.0.0.1 at 2023-04-21 15:20:53 -0400
Processing by SessionsController#create as HTML
  Parameters: {"authenticity_token"=>"[FILTERED]", "user"=>{"username"=>"vinicozzi", "password"=>"[FILTERED]"}}
  [1m[36mUser Load (0.3ms)[0m  [1m[34mSELECT "users".* FROM "users" WHERE "users"."username" = $1 LIMIT $2[0m  [["username", "vinicozzi"], ["LIMIT", 1]]
  ↳ app/models/user.rb:23:in `find_by_credentials'
  Rendering layout layouts/application.html.erb
  Rendering sessions/new.html.erb within layouts/application
  Rendered sessions/new.html.erb within layouts/application (Duration: 0.3ms | Allocations: 57)
  Rendered layout layouts/application.html.erb (Duration: 2.9ms | Allocations: 1050)
Completed 200 OK in 278ms (Views: 3.4ms | ActiveRecord: 0.2ms | Allocations: 2068)


Started GET "/users" for 127.0.0.1 at 2023-04-21 15:20:59 -0400
Processing by UsersController#index as HTML
  [1m[36mUser Load (0.3ms)[0m  [1m[34mSELECT "users".* FROM "users" WHERE "users"."session_token" IS NULL LIMIT $1[0m  [["LIMIT", 1]]
  ↳ app/controllers/application_controller.rb:6:in `current_user'
Redirected to http://127.0.0.1:3000/session/new
Filter chain halted as :require_signed_in rendered or redirected
Completed 302 Found in 6ms (ActiveRecord: 0.3ms | Allocations: 995)


Started GET "/session/new" for 127.0.0.1 at 2023-04-21 15:20:59 -0400
Processing by SessionsController#new as HTML
  Rendering layout layouts/application.html.erb
  Rendering sessions/new.html.erb within layouts/application
  Rendered sessions/new.html.erb within layouts/application (Duration: 0.4ms | Allocations: 234)
  Rendered layout layouts/application.html.erb (Duration: 1.5ms | Allocations: 1234)
Completed 200 OK in 2ms (Views: 1.7ms | ActiveRecord: 0.0ms | Allocations: 1501)


Started GET "/users/1" for 127.0.0.1 at 2023-04-21 15:21:06 -0400
Processing by UsersController#show as HTML
  Parameters: {"id"=>"1"}
  [1m[36mUser Load (0.5ms)[0m  [1m[34mSELECT "users".* FROM "users" WHERE "users"."session_token" IS NULL LIMIT $1[0m  [["LIMIT", 1]]
  ↳ app/controllers/application_controller.rb:6:in `current_user'
Redirected to http://127.0.0.1:3000/session/new
Filter chain halted as :require_signed_in rendered or redirected
Completed 302 Found in 6ms (ActiveRecord: 0.5ms | Allocations: 968)


Started GET "/session/new" for 127.0.0.1 at 2023-04-21 15:21:06 -0400
Processing by SessionsController#new as HTML
  Rendering layout layouts/application.html.erb
  Rendering sessions/new.html.erb within layouts/application
  Rendered sessions/new.html.erb within layouts/application (Duration: 0.5ms | Allocations: 222)
  Rendered layout layouts/application.html.erb (Duration: 2.5ms | Allocations: 1222)
Completed 200 OK in 4ms (Views: 3.1ms | ActiveRecord: 0.0ms | Allocations: 1487)


Started GET "/users/posts" for 127.0.0.1 at 2023-04-21 15:21:11 -0400
Processing by UsersController#show as HTML
  Parameters: {"id"=>"posts"}
  [1m[36mUser Load (0.4ms)[0m  [1m[34mSELECT "users".* FROM "users" WHERE "users"."session_token" IS NULL LIMIT $1[0m  [["LIMIT", 1]]
  ↳ app/controllers/application_controller.rb:6:in `current_user'
Redirected to http://127.0.0.1:3000/session/new
Filter chain halted as :require_signed_in rendered or redirected
Completed 302 Found in 5ms (ActiveRecord: 0.4ms | Allocations: 968)


Started GET "/session/new" for 127.0.0.1 at 2023-04-21 15:21:11 -0400
Processing by SessionsController#new as HTML
  Rendering layout layouts/application.html.erb
  Rendering sessions/new.html.erb within layouts/application
  Rendered sessions/new.html.erb within layouts/application (Duration: 0.6ms | Allocations: 246)
  Rendered layout layouts/application.html.erb (Duration: 2.2ms | Allocations: 1246)
Completed 200 OK in 4ms (Views: 2.8ms | ActiveRecord: 0.0ms | Allocations: 1511)


Started GET "/session/new/posts" for 127.0.0.1 at 2023-04-21 15:21:17 -0400
  
ActionController::RoutingError (No route matches [GET] "/session/new/posts"):
  
Started GET "/" for 127.0.0.1 at 2023-04-21 15:22:01 -0400
  [1m[36mActiveRecord::SchemaMigration Pluck (0.8ms)[0m  [1m[34mSELECT "schema_migrations"."version" FROM "schema_migrations" ORDER BY "schema_migrations"."version" ASC[0m
Processing by Rails::WelcomeController#index as HTML
  Rendering /Users/kinkatse/.rbenv/versions/3.1.1/lib/ruby/gems/3.1.0/gems/railties-7.0.4.3/lib/rails/templates/rails/welcome/index.html.erb
  Rendered /Users/kinkatse/.rbenv/versions/3.1.1/lib/ruby/gems/3.1.0/gems/railties-7.0.4.3/lib/rails/templates/rails/welcome/index.html.erb (Duration: 1.3ms | Allocations: 476)
Completed 200 OK in 6ms (Views: 3.0ms | ActiveRecord: 0.0ms | Allocations: 3338)


Started GET "/users" for 127.0.0.1 at 2023-04-21 15:22:05 -0400
Processing by UsersController#index as HTML
  [1m[36mUser Load (1.0ms)[0m  [1m[34mSELECT "users".* FROM "users" WHERE "users"."session_token" IS NULL LIMIT $1[0m  [["LIMIT", 1]]
  ↳ app/controllers/application_controller.rb:6:in `current_user'
Redirected to http://127.0.0.1:3000/session/new
Filter chain halted as :require_signed_in rendered or redirected
Completed 302 Found in 18ms (ActiveRecord: 2.6ms | Allocations: 5005)


Started GET "/session/new" for 127.0.0.1 at 2023-04-21 15:22:05 -0400
Processing by SessionsController#new as HTML
  Rendering layout layouts/application.html.erb
  Rendering sessions/new.html.erb within layouts/application
  Rendered sessions/new.html.erb within layouts/application (Duration: 1.3ms | Allocations: 553)
  Rendered layout layouts/application.html.erb (Duration: 33.0ms | Allocations: 21430)
Completed 200 OK in 46ms (Views: 34.8ms | ActiveRecord: 2.9ms | Allocations: 26369)


Started POST "/session" for 127.0.0.1 at 2023-04-21 15:22:09 -0400
Processing by SessionsController#create as HTML
  Parameters: {"authenticity_token"=>"[FILTERED]", "user"=>{"username"=>"j", "password"=>"[FILTERED]"}}
  [1m[36mUser Load (0.3ms)[0m  [1m[34mSELECT "users".* FROM "users" WHERE "users"."username" = $1 LIMIT $2[0m  [["username", "j"], ["LIMIT", 1]]
  ↳ app/models/user.rb:23:in `find_by_credentials'
  Rendering layout layouts/application.html.erb
  Rendering sessions/new.html.erb within layouts/application
  Rendered sessions/new.html.erb within layouts/application (Duration: 0.2ms | Allocations: 76)
  Rendered layout layouts/application.html.erb (Duration: 1.1ms | Allocations: 1186)
Completed 200 OK in 283ms (Views: 1.3ms | ActiveRecord: 0.3ms | Allocations: 3943)


Started GET "/session/users" for 127.0.0.1 at 2023-04-21 15:22:12 -0400
  
ActionController::RoutingError (No route matches [GET] "/session/users"):
  
Started GET "/users" for 127.0.0.1 at 2023-04-21 15:22:18 -0400
Processing by UsersController#index as HTML
  [1m[36mUser Load (0.4ms)[0m  [1m[34mSELECT "users".* FROM "users" WHERE "users"."session_token" IS NULL LIMIT $1[0m  [["LIMIT", 1]]
  ↳ app/controllers/application_controller.rb:6:in `current_user'
Redirected to http://127.0.0.1:3000/session/new
Filter chain halted as :require_signed_in rendered or redirected
Completed 302 Found in 4ms (ActiveRecord: 0.4ms | Allocations: 1201)


Started GET "/session/new" for 127.0.0.1 at 2023-04-21 15:22:18 -0400
Processing by SessionsController#new as HTML
  Rendering layout layouts/application.html.erb
  Rendering sessions/new.html.erb within layouts/application
  Rendered sessions/new.html.erb within layouts/application (Duration: 0.5ms | Allocations: 241)
  Rendered layout layouts/application.html.erb (Duration: 2.5ms | Allocations: 1352)
Completed 200 OK in 3ms (Views: 2.9ms | ActiveRecord: 0.0ms | Allocations: 1649)


Started GET "/session/new" for 127.0.0.1 at 2023-04-21 15:22:22 -0400
Processing by SessionsController#new as HTML
  Rendering layout layouts/application.html.erb
  Rendering sessions/new.html.erb within layouts/application
  Rendered sessions/new.html.erb within layouts/application (Duration: 1.0ms | Allocations: 240)
  Rendered layout layouts/application.html.erb (Duration: 3.9ms | Allocations: 1240)
Completed 200 OK in 6ms (Views: 4.8ms | ActiveRecord: 0.0ms | Allocations: 1505)


Started GET "/session/edit" for 127.0.0.1 at 2023-04-21 15:22:24 -0400
  
ActionController::RoutingError (No route matches [GET] "/session/edit"):
  
Started GET "/user" for 127.0.0.1 at 2023-04-21 15:22:30 -0400
  
ActionController::RoutingError (No route matches [GET] "/user"):
  
Started GET "/users/1" for 127.0.0.1 at 2023-04-21 15:22:33 -0400
Processing by UsersController#show as HTML
  Parameters: {"id"=>"1"}
  [1m[36mUser Load (0.3ms)[0m  [1m[34mSELECT "users".* FROM "users" WHERE "users"."session_token" IS NULL LIMIT $1[0m  [["LIMIT", 1]]
  ↳ app/controllers/application_controller.rb:6:in `current_user'
Redirected to http://127.0.0.1:3000/session/new
Filter chain halted as :require_signed_in rendered or redirected
Completed 302 Found in 4ms (ActiveRecord: 0.3ms | Allocations: 959)


Started GET "/session/new" for 127.0.0.1 at 2023-04-21 15:22:33 -0400
Processing by SessionsController#new as HTML
  Rendering layout layouts/application.html.erb
  Rendering sessions/new.html.erb within layouts/application
  Rendered sessions/new.html.erb within layouts/application (Duration: 0.5ms | Allocations: 234)
  Rendered layout layouts/application.html.erb (Duration: 3.0ms | Allocations: 1241)
Completed 200 OK in 4ms (Views: 3.4ms | ActiveRecord: 0.0ms | Allocations: 1507)


Started GET "/session/new/posts" for 127.0.0.1 at 2023-04-21 15:36:36 -0400
  
ActionController::RoutingError (No route matches [GET] "/session/new/posts"):
  
Started GET "/session" for 127.0.0.1 at 2023-04-21 15:36:39 -0400
  
ActionController::RoutingError (No route matches [GET] "/session"):
  
Started GET "/session/new" for 127.0.0.1 at 2023-04-21 15:36:42 -0400
Processing by SessionsController#new as HTML
  Rendering layout layouts/application.html.erb
  Rendering sessions/new.html.erb within layouts/application
  Rendered sessions/new.html.erb within layouts/application (Duration: 0.7ms | Allocations: 240)
  Rendered layout layouts/application.html.erb (Duration: 5.7ms | Allocations: 1247)
Completed 200 OK in 7ms (Views: 6.4ms | Allocations: 1511)


Started POST "/session" for 127.0.0.1 at 2023-04-21 15:36:47 -0400
Processing by SessionsController#create as HTML
  Parameters: {"authenticity_token"=>"[FILTERED]", "user"=>{"username"=>"vincent", "password"=>"[FILTERED]"}}
  [1m[36mUser Load (1.0ms)[0m  [1m[34mSELECT "users".* FROM "users" WHERE "users"."username" = $1 LIMIT $2[0m  [["username", "vincent"], ["LIMIT", 1]]
  ↳ app/models/user.rb:23:in `find_by_credentials'
  Rendering layout layouts/application.html.erb
  Rendering sessions/new.html.erb within layouts/application
  Rendered sessions/new.html.erb within layouts/application (Duration: 0.2ms | Allocations: 59)
  Rendered layout layouts/application.html.erb (Duration: 1.2ms | Allocations: 1051)
Completed 200 OK in 313ms (Views: 1.5ms | ActiveRecord: 10.6ms | Allocations: 5093)


Started POST "/session" for 127.0.0.1 at 2023-04-21 15:36:57 -0400
Processing by SessionsController#create as HTML
  Parameters: {"authenticity_token"=>"[FILTERED]", "user"=>{"username"=>"vincent", "password"=>"[FILTERED]"}}
  [1m[36mUser Load (0.4ms)[0m  [1m[34mSELECT "users".* FROM "users" WHERE "users"."username" = $1 LIMIT $2[0m  [["username", "vincent"], ["LIMIT", 1]]
  ↳ app/models/user.rb:23:in `find_by_credentials'
Started POST "/session" for 127.0.0.1 at 2023-04-21 15:36:57 -0400
Processing by SessionsController#create as HTML
  Parameters: {"authenticity_token"=>"[FILTERED]", "user"=>{"username"=>"vincent", "password"=>"[FILTERED]"}}
  Rendering layout layouts/application.html.erb
  Rendering sessions/new.html.erb within layouts/application
  Rendered sessions/new.html.erb within layouts/application (Duration: 0.1ms | Allocations: 57)
  Rendered layout layouts/application.html.erb (Duration: 0.9ms | Allocations: 1049)
Completed 200 OK in 283ms (Views: 1.1ms | ActiveRecord: 0.4ms | Allocations: 4969)


  [1m[36mUser Load (0.4ms)[0m  [1m[34mSELECT "users".* FROM "users" WHERE "users"."username" = $1 LIMIT $2[0m  [["username", "vincent"], ["LIMIT", 1]]
  ↳ app/models/user.rb:23:in `find_by_credentials'
  Rendering layout layouts/application.html.erb
  Rendering sessions/new.html.erb within layouts/application
  Rendered sessions/new.html.erb within layouts/application (Duration: 0.2ms | Allocations: 57)
  Rendered layout layouts/application.html.erb (Duration: 1.0ms | Allocations: 1049)
Completed 200 OK in 254ms (Views: 1.5ms | ActiveRecord: 5.4ms | Allocations: 6795)


Started POST "/session" for 127.0.0.1 at 2023-04-21 15:36:58 -0400
Processing by SessionsController#create as HTML
  Parameters: {"authenticity_token"=>"[FILTERED]", "user"=>{"username"=>"vincent", "password"=>"[FILTERED]"}}
  [1m[36mUser Load (0.5ms)[0m  [1m[34mSELECT "users".* FROM "users" WHERE "users"."username" = $1 LIMIT $2[0m  [["username", "vincent"], ["LIMIT", 1]]
  ↳ app/models/user.rb:23:in `find_by_credentials'
  Rendering layout layouts/application.html.erb
  Rendering sessions/new.html.erb within layouts/application
  Rendered sessions/new.html.erb within layouts/application (Duration: 0.2ms | Allocations: 57)
  Rendered layout layouts/application.html.erb (Duration: 1.2ms | Allocations: 1049)
Completed 200 OK in 282ms (Views: 1.5ms | ActiveRecord: 0.5ms | Allocations: 2046)


Started POST "/session" for 127.0.0.1 at 2023-04-21 15:36:59 -0400
Processing by SessionsController#create as HTML
  Parameters: {"authenticity_token"=>"[FILTERED]", "user"=>{"username"=>"vincent", "password"=>"[FILTERED]"}}
  [1m[36mUser Load (0.5ms)[0m  [1m[34mSELECT "users".* FROM "users" WHERE "users"."username" = $1 LIMIT $2[0m  [["username", "vincent"], ["LIMIT", 1]]
  ↳ app/models/user.rb:23:in `find_by_credentials'
  Rendering layout layouts/application.html.erb
  Rendering sessions/new.html.erb within layouts/application
  Rendered sessions/new.html.erb within layouts/application (Duration: 0.2ms | Allocations: 57)
  Rendered layout layouts/application.html.erb (Duration: 1.0ms | Allocations: 1049)
Completed 200 OK in 285ms (Views: 1.4ms | ActiveRecord: 0.5ms | Allocations: 2062)


Started GET "/users" for 127.0.0.1 at 2023-04-21 15:39:02 -0400
Processing by UsersController#index as HTML
  [1m[36mUser Load (4.6ms)[0m  [1m[34mSELECT "users".* FROM "users" WHERE "users"."session_token" IS NULL LIMIT $1[0m  [["LIMIT", 1]]
  ↳ app/controllers/application_controller.rb:6:in `current_user'
Redirected to http://127.0.0.1:3000/session/new
Filter chain halted as :require_signed_in rendered or redirected
Completed 302 Found in 14ms (ActiveRecord: 4.6ms | Allocations: 976)


Started GET "/session/new" for 127.0.0.1 at 2023-04-21 15:39:02 -0400
Processing by SessionsController#new as HTML
  Rendering layout layouts/application.html.erb
  Rendering sessions/new.html.erb within layouts/application
  Rendered sessions/new.html.erb within layouts/application (Duration: 0.4ms | Allocations: 219)
  Rendered layout layouts/application.html.erb (Duration: 2.1ms | Allocations: 1219)
Completed 200 OK in 4ms (Views: 3.1ms | ActiveRecord: 0.0ms | Allocations: 1484)


Started GET "/users" for 127.0.0.1 at 2023-04-21 15:39:09 -0400
Processing by UsersController#index as HTML
  [1m[36mUser Load (0.3ms)[0m  [1m[34mSELECT "users".* FROM "users" WHERE "users"."session_token" IS NULL LIMIT $1[0m  [["LIMIT", 1]]
  ↳ app/controllers/application_controller.rb:6:in `current_user'
Redirected to http://127.0.0.1:3000/session/new
Filter chain halted as :require_signed_in rendered or redirected
Completed 302 Found in 4ms (ActiveRecord: 0.3ms | Allocations: 959)


Started GET "/session/new" for 127.0.0.1 at 2023-04-21 15:39:09 -0400
Processing by SessionsController#new as HTML
  Rendering layout layouts/application.html.erb
  Rendering sessions/new.html.erb within layouts/application
  Rendered sessions/new.html.erb within layouts/application (Duration: 0.7ms | Allocations: 237)
  Rendered layout layouts/application.html.erb (Duration: 3.5ms | Allocations: 1237)
Completed 200 OK in 5ms (Views: 4.1ms | ActiveRecord: 0.0ms | Allocations: 1502)


Started GET "/users" for 127.0.0.1 at 2023-04-21 15:39:14 -0400
Processing by UsersController#index as HTML
  [1m[36mUser Load (0.3ms)[0m  [1m[34mSELECT "users".* FROM "users" WHERE "users"."session_token" IS NULL LIMIT $1[0m  [["LIMIT", 1]]
  ↳ app/controllers/application_controller.rb:6:in `current_user'
Redirected to http://127.0.0.1:3000/session/new
Filter chain halted as :require_signed_in rendered or redirected
Completed 302 Found in 5ms (ActiveRecord: 0.3ms | Allocations: 962)


Started GET "/session/new" for 127.0.0.1 at 2023-04-21 15:39:14 -0400
Processing by SessionsController#new as HTML
  Rendering layout layouts/application.html.erb
  Rendering sessions/new.html.erb within layouts/application
  Rendered sessions/new.html.erb within layouts/application (Duration: 0.6ms | Allocations: 240)
  Rendered layout layouts/application.html.erb (Duration: 4.2ms | Allocations: 1247)
Completed 200 OK in 6ms (Views: 5.0ms | ActiveRecord: 0.0ms | Allocations: 1512)


Started POST "/session" for 127.0.0.1 at 2023-04-21 15:39:24 -0400
Processing by SessionsController#create as HTML
  Parameters: {"authenticity_token"=>"[FILTERED]", "user"=>{"username"=>"ff", "password"=>"[FILTERED]"}}
  [1m[36mUser Load (0.5ms)[0m  [1m[34mSELECT "users".* FROM "users" WHERE "users"."username" = $1 LIMIT $2[0m  [["username", "ff"], ["LIMIT", 1]]
  ↳ app/models/user.rb:23:in `find_by_credentials'
  Rendering layout layouts/application.html.erb
  Rendering sessions/new.html.erb within layouts/application
  Rendered sessions/new.html.erb within layouts/application (Duration: 0.2ms | Allocations: 57)
  Rendered layout layouts/application.html.erb (Duration: 1.2ms | Allocations: 1049)
Completed 200 OK in 283ms (Views: 1.6ms | ActiveRecord: 0.5ms | Allocations: 2068)


Started GET "/users" for 127.0.0.1 at 2023-04-21 15:40:03 -0400
Processing by UsersController#index as HTML
  Rendering layout layouts/application.html.erb
  Rendering users/index.html.erb within layouts/application
  [1m[36mUser Load (0.4ms)[0m  [1m[34mSELECT "users".* FROM "users"[0m
  ↳ app/views/users/index.html.erb:3
  Rendered users/index.html.erb within layouts/application (Duration: 1.8ms | Allocations: 862)
  Rendered layout layouts/application.html.erb (Duration: 3.8ms | Allocations: 2296)
Completed 200 OK in 7ms (Views: 4.8ms | ActiveRecord: 0.4ms | Allocations: 3996)


Started GET "/session/new" for 127.0.0.1 at 2023-04-21 15:40:32 -0400
Processing by SessionsController#new as HTML
  Rendering layout layouts/application.html.erb
  Rendering sessions/new.html.erb within layouts/application
  Rendered sessions/new.html.erb within layouts/application (Duration: 0.3ms | Allocations: 363)
  Rendered layout layouts/application.html.erb (Duration: 1.1ms | Allocations: 1558)
Completed 200 OK in 14ms (Views: 1.6ms | ActiveRecord: 9.5ms | Allocations: 4986)


Started POST "/session" for 127.0.0.1 at 2023-04-21 15:40:38 -0400
Processing by SessionsController#create as HTML
  Parameters: {"authenticity_token"=>"[FILTERED]", "user"=>{"username"=>"rokas", "password"=>"[FILTERED]"}}
  [1m[36mUser Load (0.5ms)[0m  [1m[34mSELECT "users".* FROM "users" WHERE "users"."username" = $1 LIMIT $2[0m  [["username", "rokas"], ["LIMIT", 1]]
  ↳ app/models/user.rb:23:in `find_by_credentials'
  Rendering layout layouts/application.html.erb
  Rendering sessions/new.html.erb within layouts/application
  Rendered sessions/new.html.erb within layouts/application (Duration: 0.1ms | Allocations: 59)
  Rendered layout layouts/application.html.erb (Duration: 1.1ms | Allocations: 1051)
Completed 200 OK in 283ms (Views: 1.6ms | ActiveRecord: 0.5ms | Allocations: 2490)


Started GET "/users" for 127.0.0.1 at 2023-04-21 15:40:44 -0400
Processing by UsersController#index as HTML
  Rendering layout layouts/application.html.erb
  Rendering users/index.html.erb within layouts/application
  [1m[36mUser Load (0.3ms)[0m  [1m[34mSELECT "users".* FROM "users"[0m
  ↳ app/views/users/index.html.erb:3
  Rendered users/index.html.erb within layouts/application (Duration: 4.7ms | Allocations: 675)
  Rendered layout layouts/application.html.erb (Duration: 7.1ms | Allocations: 2102)
Completed 200 OK in 9ms (Views: 7.8ms | ActiveRecord: 0.3ms | Allocations: 2716)


Started GET "/users" for 127.0.0.1 at 2023-04-21 15:40:48 -0400
Processing by UsersController#index as HTML
  Rendering layout layouts/application.html.erb
  Rendering users/index.html.erb within layouts/application
  [1m[36mUser Load (0.4ms)[0m  [1m[34mSELECT "users".* FROM "users"[0m
  ↳ app/views/users/index.html.erb:3
  Rendered users/index.html.erb within layouts/application (Duration: 3.3ms | Allocations: 560)
  Rendered layout layouts/application.html.erb (Duration: 7.1ms | Allocations: 1738)
Completed 200 OK in 9ms (Views: 7.6ms | ActiveRecord: 0.4ms | Allocations: 2022)


Started POST "/session" for 127.0.0.1 at 2023-04-21 15:40:57 -0400
Processing by SessionsController#create as HTML
  Parameters: {"authenticity_token"=>"[FILTERED]", "user"=>{"username"=>"rok", "password"=>"[FILTERED]"}}
  [1m[36mUser Load (0.4ms)[0m  [1m[34mSELECT "users".* FROM "users" WHERE "users"."username" = $1 LIMIT $2[0m  [["username", "rok"], ["LIMIT", 1]]
  ↳ app/models/user.rb:23:in `find_by_credentials'
  Rendering layout layouts/application.html.erb
  Rendering sessions/new.html.erb within layouts/application
  Rendered sessions/new.html.erb within layouts/application (Duration: 0.2ms | Allocations: 66)
  Rendered layout layouts/application.html.erb (Duration: 1.6ms | Allocations: 1065)
Completed 200 OK in 273ms (Views: 1.9ms | ActiveRecord: 0.4ms | Allocations: 2143)


Started POST "/session" for 127.0.0.1 at 2023-04-21 15:40:58 -0400
Processing by SessionsController#create as HTML
  Parameters: {"authenticity_token"=>"[FILTERED]", "user"=>{"username"=>"rok", "password"=>"[FILTERED]"}}
  [1m[36mUser Load (0.3ms)[0m  [1m[34mSELECT "users".* FROM "users" WHERE "users"."username" = $1 LIMIT $2[0m  [["username", "rok"], ["LIMIT", 1]]
  ↳ app/models/user.rb:23:in `find_by_credentials'
  Rendering layout layouts/application.html.erb
  Rendering sessions/new.html.erb within layouts/application
  Rendered sessions/new.html.erb within layouts/application (Duration: 0.2ms | Allocations: 57)
  Rendered layout layouts/application.html.erb (Duration: 1.2ms | Allocations: 1049)
Completed 200 OK in 283ms (Views: 1.5ms | ActiveRecord: 0.3ms | Allocations: 2053)


